2023-02-04T20:39:37.708+09:00  INFO 10432 --- [restartedMain] org.msa.item.ItemServiceApplication      : Starting ItemServiceApplication using Java 17.0.4.1 with PID 10432 (C:\dev\workspace-learn\2-1.Microservice\item-service\bin\main started by 이현섭 in C:\dev\workspace-learn\2-1.Microservice\item-service)
2023-02-04T20:39:37.710+09:00 DEBUG 10432 --- [restartedMain] org.msa.item.ItemServiceApplication      : Running with Spring Boot v3.0.2, Spring v6.0.4
2023-02-04T20:39:37.711+09:00  INFO 10432 --- [restartedMain] org.msa.item.ItemServiceApplication      : No active profile set, falling back to 1 default profile: "default"
2023-02-04T20:39:37.758+09:00  INFO 10432 --- [restartedMain] .e.DevToolsPropertyDefaultsPostProcessor : Devtools property defaults active! Set 'spring.devtools.add-properties' to 'false' to disable
2023-02-04T20:39:37.759+09:00  INFO 10432 --- [restartedMain] .e.DevToolsPropertyDefaultsPostProcessor : For additional web related logging consider setting the 'logging.level.web' property to 'DEBUG'
2023-02-04T20:39:38.607+09:00  INFO 10432 --- [restartedMain] o.s.b.w.embedded.tomcat.TomcatWebServer  : Tomcat initialized with port(s): 8080 (http)
2023-02-04T20:39:38.623+09:00  INFO 10432 --- [restartedMain] o.apache.catalina.core.StandardService   : Starting service [Tomcat]
2023-02-04T20:39:38.624+09:00  INFO 10432 --- [restartedMain] o.apache.catalina.core.StandardEngine    : Starting Servlet engine: [Apache Tomcat/10.1.5]
2023-02-04T20:39:38.689+09:00  INFO 10432 --- [restartedMain] o.a.c.c.C.[Tomcat].[localhost].[/]       : Initializing Spring embedded WebApplicationContext
2023-02-04T20:39:38.689+09:00  INFO 10432 --- [restartedMain] w.s.c.ServletWebServerApplicationContext : Root WebApplicationContext: initialization completed in 929 ms
2023-02-04T20:39:39.012+09:00  INFO 10432 --- [restartedMain] o.s.b.d.a.OptionalLiveReloadServer       : LiveReload server is running on port 35729
2023-02-04T20:39:39.043+09:00  INFO 10432 --- [restartedMain] o.s.b.w.embedded.tomcat.TomcatWebServer  : Tomcat started on port(s): 8080 (http) with context path ''
2023-02-04T20:39:39.051+09:00  INFO 10432 --- [restartedMain] org.msa.item.ItemServiceApplication      : Started ItemServiceApplication in 1.779 seconds (process running for 2.539)
2023-02-04T20:39:47.586+09:00  INFO 10432 --- [RMI TCP Connection(2)-127.0.0.1] inMXBeanRegistrar$SpringApplicationAdmin : Application shutdown requested.
2023-02-04T20:39:47.604+09:00  INFO 10432 --- [RMI TCP Connection(2)-127.0.0.1] o.apache.catalina.core.StandardService   : Stopping service [Tomcat]
2023-02-11T15:44:07.110+09:00  INFO 10424 --- [restartedMain] org.msa.item.ItemServiceApplication      : Starting ItemServiceApplication using Java 17.0.4.1 with PID 10424 (C:\Users\이현섭\git\2-1.Microservice\item-service\bin\main started by 이현섭 in C:\Users\이현섭\git\2-1.Microservice\item-service)
2023-02-11T15:44:07.113+09:00 DEBUG 10424 --- [restartedMain] org.msa.item.ItemServiceApplication      : Running with Spring Boot v3.0.2, Spring v6.0.4
2023-02-11T15:44:07.113+09:00  INFO 10424 --- [restartedMain] org.msa.item.ItemServiceApplication      : No active profile set, falling back to 1 default profile: "default"
2023-02-11T15:44:07.165+09:00  INFO 10424 --- [restartedMain] .e.DevToolsPropertyDefaultsPostProcessor : Devtools property defaults active! Set 'spring.devtools.add-properties' to 'false' to disable
2023-02-11T15:44:07.166+09:00  INFO 10424 --- [restartedMain] .e.DevToolsPropertyDefaultsPostProcessor : For additional web related logging consider setting the 'logging.level.web' property to 'DEBUG'
2023-02-11T15:44:08.002+09:00  INFO 10424 --- [restartedMain] o.s.b.w.embedded.tomcat.TomcatWebServer  : Tomcat initialized with port(s): 8080 (http)
2023-02-11T15:44:08.011+09:00  INFO 10424 --- [restartedMain] o.apache.catalina.core.StandardService   : Starting service [Tomcat]
2023-02-11T15:44:08.012+09:00  INFO 10424 --- [restartedMain] o.apache.catalina.core.StandardEngine    : Starting Servlet engine: [Apache Tomcat/10.1.5]
2023-02-11T15:44:08.071+09:00  INFO 10424 --- [restartedMain] o.a.c.c.C.[Tomcat].[localhost].[/]       : Initializing Spring embedded WebApplicationContext
2023-02-11T15:44:08.071+09:00  INFO 10424 --- [restartedMain] w.s.c.ServletWebServerApplicationContext : Root WebApplicationContext: initialization completed in 905 ms
2023-02-11T15:44:08.373+09:00  INFO 10424 --- [restartedMain] o.s.b.d.a.OptionalLiveReloadServer       : LiveReload server is running on port 35729
2023-02-11T15:44:08.404+09:00  INFO 10424 --- [restartedMain] o.s.b.w.embedded.tomcat.TomcatWebServer  : Tomcat started on port(s): 8080 (http) with context path ''
2023-02-11T15:44:08.412+09:00  INFO 10424 --- [restartedMain] org.msa.item.ItemServiceApplication      : Started ItemServiceApplication in 1.766 seconds (process running for 2.471)
2023-02-11T15:44:09.703+09:00  INFO 10424 --- [RMI TCP Connection(2)-127.0.0.1] inMXBeanRegistrar$SpringApplicationAdmin : Application shutdown requested.
2023-02-11T15:44:09.719+09:00  INFO 10424 --- [RMI TCP Connection(2)-127.0.0.1] o.apache.catalina.core.StandardService   : Stopping service [Tomcat]
2023-02-11T16:58:01.548+09:00  INFO 11768 --- [restartedMain] org.msa.item.ItemServiceApplication      : Starting ItemServiceApplication using Java 17.0.4.1 with PID 11768 (C:\Users\이현섭\git\2-1.Microservice\item-service\bin\main started by 이현섭 in C:\Users\이현섭\git\2-1.Microservice\item-service)
2023-02-11T16:58:01.551+09:00 DEBUG 11768 --- [restartedMain] org.msa.item.ItemServiceApplication      : Running with Spring Boot v3.0.2, Spring v6.0.4
2023-02-11T16:58:01.551+09:00  INFO 11768 --- [restartedMain] org.msa.item.ItemServiceApplication      : No active profile set, falling back to 1 default profile: "default"
2023-02-11T16:58:01.597+09:00  INFO 11768 --- [restartedMain] .e.DevToolsPropertyDefaultsPostProcessor : Devtools property defaults active! Set 'spring.devtools.add-properties' to 'false' to disable
2023-02-11T16:58:01.598+09:00  INFO 11768 --- [restartedMain] .e.DevToolsPropertyDefaultsPostProcessor : For additional web related logging consider setting the 'logging.level.web' property to 'DEBUG'
2023-02-11T16:58:02.170+09:00  INFO 11768 --- [restartedMain] .s.d.r.c.RepositoryConfigurationDelegate : Bootstrapping Spring Data JPA repositories in DEFAULT mode.
2023-02-11T16:58:02.192+09:00  INFO 11768 --- [restartedMain] .s.d.r.c.RepositoryConfigurationDelegate : Finished Spring Data repository scanning in 12 ms. Found 0 JPA repository interfaces.
2023-02-11T16:58:02.747+09:00  INFO 11768 --- [restartedMain] o.s.b.w.embedded.tomcat.TomcatWebServer  : Tomcat initialized with port(s): 8080 (http)
2023-02-11T16:58:02.758+09:00  INFO 11768 --- [restartedMain] o.apache.catalina.core.StandardService   : Starting service [Tomcat]
2023-02-11T16:58:02.758+09:00  INFO 11768 --- [restartedMain] o.apache.catalina.core.StandardEngine    : Starting Servlet engine: [Apache Tomcat/10.1.5]
2023-02-11T16:58:02.843+09:00  INFO 11768 --- [restartedMain] o.a.c.c.C.[Tomcat].[localhost].[/]       : Initializing Spring embedded WebApplicationContext
2023-02-11T16:58:02.843+09:00  INFO 11768 --- [restartedMain] w.s.c.ServletWebServerApplicationContext : Root WebApplicationContext: initialization completed in 1244 ms
2023-02-11T16:58:02.906+09:00  WARN 11768 --- [restartedMain] ConfigServletWebServerApplicationContext : Exception encountered during context initialization - cancelling refresh attempt: org.springframework.beans.factory.UnsatisfiedDependencyException: Error creating bean with name 'dataSourceScriptDatabaseInitializer' defined in class path resource [org/springframework/boot/autoconfigure/sql/init/DataSourceInitializationConfiguration.class]: Unsatisfied dependency expressed through method 'dataSourceScriptDatabaseInitializer' parameter 0: Error creating bean with name 'dataSource' defined in class path resource [org/springframework/boot/autoconfigure/jdbc/DataSourceConfiguration$Hikari.class]: Failed to instantiate [com.zaxxer.hikari.HikariDataSource]: Factory method 'dataSource' threw exception with message: Failed to determine a suitable driver class
2023-02-11T16:58:02.909+09:00  INFO 11768 --- [restartedMain] o.apache.catalina.core.StandardService   : Stopping service [Tomcat]
2023-02-11T16:58:02.925+09:00  INFO 11768 --- [restartedMain] .s.b.a.l.ConditionEvaluationReportLogger : 

Error starting ApplicationContext. To display the condition evaluation report re-run your application with 'debug' enabled.
2023-02-11T16:58:02.951+09:00 ERROR 11768 --- [restartedMain] o.s.b.d.LoggingFailureAnalysisReporter   : 

***************************
APPLICATION FAILED TO START
***************************

Description:

Failed to configure a DataSource: 'url' attribute is not specified and no embedded datasource could be configured.

Reason: Failed to determine a suitable driver class


Action:

Consider the following:
	If you want an embedded database (H2, HSQL or Derby), please put it on the classpath.
	If you have database settings to be loaded from a particular profile you may need to activate it (no profiles are currently active).

2023-02-11T17:08:29.735+09:00  INFO 8788 --- [restartedMain] org.msa.item.ItemServiceApplication      : Starting ItemServiceApplication using Java 17.0.4.1 with PID 8788 (C:\Users\이현섭\git\2-1.Microservice\item-service\bin\main started by 이현섭 in C:\Users\이현섭\git\2-1.Microservice\item-service)
2023-02-11T17:08:29.737+09:00 DEBUG 8788 --- [restartedMain] org.msa.item.ItemServiceApplication      : Running with Spring Boot v3.0.2, Spring v6.0.4
2023-02-11T17:08:29.738+09:00  INFO 8788 --- [restartedMain] org.msa.item.ItemServiceApplication      : No active profile set, falling back to 1 default profile: "default"
2023-02-11T17:08:29.788+09:00  INFO 8788 --- [restartedMain] .e.DevToolsPropertyDefaultsPostProcessor : Devtools property defaults active! Set 'spring.devtools.add-properties' to 'false' to disable
2023-02-11T17:08:29.788+09:00  INFO 8788 --- [restartedMain] .e.DevToolsPropertyDefaultsPostProcessor : For additional web related logging consider setting the 'logging.level.web' property to 'DEBUG'
2023-02-11T17:08:30.343+09:00  INFO 8788 --- [restartedMain] .s.d.r.c.RepositoryConfigurationDelegate : Bootstrapping Spring Data JPA repositories in DEFAULT mode.
2023-02-11T17:08:30.397+09:00  INFO 8788 --- [restartedMain] .s.d.r.c.RepositoryConfigurationDelegate : Finished Spring Data repository scanning in 47 ms. Found 1 JPA repository interfaces.
2023-02-11T17:08:30.926+09:00  INFO 8788 --- [restartedMain] o.s.b.w.embedded.tomcat.TomcatWebServer  : Tomcat initialized with port(s): 8080 (http)
2023-02-11T17:08:30.936+09:00  INFO 8788 --- [restartedMain] o.apache.catalina.core.StandardService   : Starting service [Tomcat]
2023-02-11T17:08:30.937+09:00  INFO 8788 --- [restartedMain] o.apache.catalina.core.StandardEngine    : Starting Servlet engine: [Apache Tomcat/10.1.5]
2023-02-11T17:08:31.017+09:00  INFO 8788 --- [restartedMain] o.a.c.c.C.[Tomcat].[localhost].[/]       : Initializing Spring embedded WebApplicationContext
2023-02-11T17:08:31.018+09:00  INFO 8788 --- [restartedMain] w.s.c.ServletWebServerApplicationContext : Root WebApplicationContext: initialization completed in 1229 ms
2023-02-11T17:08:31.160+09:00  INFO 8788 --- [restartedMain] o.hibernate.jpa.internal.util.LogHelper  : HHH000204: Processing PersistenceUnitInfo [name: default]
2023-02-11T17:08:31.216+09:00  INFO 8788 --- [restartedMain] org.hibernate.Version                    : HHH000412: Hibernate ORM core version 6.1.6.Final
2023-02-11T17:08:31.388+09:00  WARN 8788 --- [restartedMain] org.hibernate.orm.deprecation            : HHH90000021: Encountered deprecated setting [javax.persistence.sharedCache.mode], use [jakarta.persistence.sharedCache.mode] instead
2023-02-11T17:08:31.514+09:00  INFO 8788 --- [restartedMain] com.zaxxer.hikari.HikariDataSource       : HikariPool-1 - Starting...
2023-02-11T17:08:31.596+09:00  INFO 8788 --- [restartedMain] com.zaxxer.hikari.pool.HikariPool        : HikariPool-1 - Added connection org.mariadb.jdbc.Connection@243d0aad
2023-02-11T17:08:31.598+09:00  INFO 8788 --- [restartedMain] com.zaxxer.hikari.HikariDataSource       : HikariPool-1 - Start completed.
2023-02-11T17:08:31.620+09:00  INFO 8788 --- [restartedMain] SQL dialect                              : HHH000400: Using dialect: org.hibernate.dialect.MariaDB103Dialect
2023-02-11T17:08:31.620+09:00  WARN 8788 --- [restartedMain] org.hibernate.orm.deprecation            : HHH90000026: MariaDB103Dialect has been deprecated; use org.hibernate.dialect.MariaDBDialect instead
2023-02-11T17:08:32.468+09:00  INFO 8788 --- [restartedMain] o.h.e.t.j.p.i.JtaPlatformInitiator       : HHH000490: Using JtaPlatform implementation: [org.hibernate.engine.transaction.jta.platform.internal.NoJtaPlatform]
2023-02-11T17:08:32.478+09:00  INFO 8788 --- [restartedMain] j.LocalContainerEntityManagerFactoryBean : Initialized JPA EntityManagerFactory for persistence unit 'default'
2023-02-11T17:08:32.728+09:00  WARN 8788 --- [restartedMain] JpaBaseConfiguration$JpaWebConfiguration : spring.jpa.open-in-view is enabled by default. Therefore, database queries may be performed during view rendering. Explicitly configure spring.jpa.open-in-view to disable this warning
2023-02-11T17:08:33.005+09:00  INFO 8788 --- [restartedMain] o.s.b.d.a.OptionalLiveReloadServer       : LiveReload server is running on port 35729
2023-02-11T17:08:33.041+09:00  INFO 8788 --- [restartedMain] o.s.b.w.embedded.tomcat.TomcatWebServer  : Tomcat started on port(s): 8080 (http) with context path ''
2023-02-11T17:08:33.048+09:00  INFO 8788 --- [restartedMain] org.msa.item.ItemServiceApplication      : Started ItemServiceApplication in 3.756 seconds (process running for 4.599)
2023-02-11T17:08:54.312+09:00  INFO 8788 --- [http-nio-8080-exec-1] o.a.c.c.C.[Tomcat].[localhost].[/]       : Initializing Spring DispatcherServlet 'dispatcherServlet'
2023-02-11T17:08:54.312+09:00  INFO 8788 --- [http-nio-8080-exec-1] o.s.web.servlet.DispatcherServlet        : Initializing Servlet 'dispatcherServlet'
2023-02-11T17:08:54.313+09:00  INFO 8788 --- [http-nio-8080-exec-1] o.s.web.servlet.DispatcherServlet        : Completed initialization in 1 ms
2023-02-11T17:08:54.567+09:00 DEBUG 8788 --- [http-nio-8080-exec-1] org.msa.item.controller.ItemController   : request add item id = test1
2023-02-11T18:02:19.653+09:00  INFO 8788 --- [File Watcher] rtingClassPathChangeChangedEventListener : Restarting due to 1 class path change (0 additions, 0 deletions, 1 modification)
2023-02-11T18:02:19.677+09:00  INFO 8788 --- [Thread-5] o.apache.catalina.core.StandardService   : Stopping service [Tomcat]
2023-02-11T18:02:19.679+09:00  INFO 8788 --- [Thread-5] o.a.c.c.C.[Tomcat].[localhost].[/]       : Destroying Spring FrameworkServlet 'dispatcherServlet'
2023-02-11T18:02:19.687+09:00  INFO 8788 --- [Thread-5] j.LocalContainerEntityManagerFactoryBean : Closing JPA EntityManagerFactory for persistence unit 'default'
2023-02-11T18:02:19.691+09:00  INFO 8788 --- [Thread-5] com.zaxxer.hikari.HikariDataSource       : HikariPool-1 - Shutdown initiated...
2023-02-11T18:02:19.699+09:00  INFO 8788 --- [Thread-5] com.zaxxer.hikari.HikariDataSource       : HikariPool-1 - Shutdown completed.
2023-02-11T18:02:19.777+09:00  INFO 8788 --- [restartedMain] org.msa.item.ItemServiceApplication      : Starting ItemServiceApplication using Java 17.0.4.1 with PID 8788 (C:\Users\이현섭\git\2-1.Microservice\item-service\bin\main started by 이현섭 in C:\Users\이현섭\git\2-1.Microservice\item-service)
2023-02-11T18:02:19.777+09:00 DEBUG 8788 --- [restartedMain] org.msa.item.ItemServiceApplication      : Running with Spring Boot v3.0.2, Spring v6.0.4
2023-02-11T18:02:19.777+09:00  INFO 8788 --- [restartedMain] org.msa.item.ItemServiceApplication      : No active profile set, falling back to 1 default profile: "default"
2023-02-11T18:02:19.956+09:00  INFO 8788 --- [restartedMain] .s.d.r.c.RepositoryConfigurationDelegate : Bootstrapping Spring Data JPA repositories in DEFAULT mode.
2023-02-11T18:02:19.965+09:00  INFO 8788 --- [restartedMain] .s.d.r.c.RepositoryConfigurationDelegate : Finished Spring Data repository scanning in 8 ms. Found 1 JPA repository interfaces.
2023-02-11T18:02:20.050+09:00  INFO 8788 --- [restartedMain] o.s.b.w.embedded.tomcat.TomcatWebServer  : Tomcat initialized with port(s): 8080 (http)
2023-02-11T18:02:20.051+09:00  INFO 8788 --- [restartedMain] o.apache.catalina.core.StandardService   : Starting service [Tomcat]
2023-02-11T18:02:20.051+09:00  INFO 8788 --- [restartedMain] o.apache.catalina.core.StandardEngine    : Starting Servlet engine: [Apache Tomcat/10.1.5]
2023-02-11T18:02:20.075+09:00  INFO 8788 --- [restartedMain] o.a.c.c.C.[Tomcat].[localhost].[/]       : Initializing Spring embedded WebApplicationContext
2023-02-11T18:02:20.076+09:00  INFO 8788 --- [restartedMain] w.s.c.ServletWebServerApplicationContext : Root WebApplicationContext: initialization completed in 295 ms
2023-02-11T18:02:20.110+09:00  INFO 8788 --- [restartedMain] o.hibernate.jpa.internal.util.LogHelper  : HHH000204: Processing PersistenceUnitInfo [name: default]
2023-02-11T18:02:20.115+09:00  WARN 8788 --- [restartedMain] org.hibernate.orm.deprecation            : HHH90000021: Encountered deprecated setting [javax.persistence.sharedCache.mode], use [jakarta.persistence.sharedCache.mode] instead
2023-02-11T18:02:20.119+09:00  INFO 8788 --- [restartedMain] com.zaxxer.hikari.HikariDataSource       : HikariPool-2 - Starting...
2023-02-11T18:02:20.122+09:00  INFO 8788 --- [restartedMain] com.zaxxer.hikari.pool.HikariPool        : HikariPool-2 - Added connection org.mariadb.jdbc.Connection@6bfeb1a3
2023-02-11T18:02:20.123+09:00  INFO 8788 --- [restartedMain] com.zaxxer.hikari.HikariDataSource       : HikariPool-2 - Start completed.
2023-02-11T18:02:20.123+09:00  INFO 8788 --- [restartedMain] SQL dialect                              : HHH000400: Using dialect: org.hibernate.dialect.MariaDB103Dialect
2023-02-11T18:02:20.123+09:00  WARN 8788 --- [restartedMain] org.hibernate.orm.deprecation            : HHH90000026: MariaDB103Dialect has been deprecated; use org.hibernate.dialect.MariaDBDialect instead
2023-02-11T18:02:20.600+09:00  INFO 8788 --- [restartedMain] o.h.e.t.j.p.i.JtaPlatformInitiator       : HHH000490: Using JtaPlatform implementation: [org.hibernate.engine.transaction.jta.platform.internal.NoJtaPlatform]
2023-02-11T18:02:20.600+09:00  INFO 8788 --- [restartedMain] j.LocalContainerEntityManagerFactoryBean : Initialized JPA EntityManagerFactory for persistence unit 'default'
2023-02-11T18:02:20.659+09:00  WARN 8788 --- [restartedMain] JpaBaseConfiguration$JpaWebConfiguration : spring.jpa.open-in-view is enabled by default. Therefore, database queries may be performed during view rendering. Explicitly configure spring.jpa.open-in-view to disable this warning
2023-02-11T18:02:20.752+09:00  INFO 8788 --- [restartedMain] o.s.b.d.a.OptionalLiveReloadServer       : LiveReload server is running on port 35729
2023-02-11T18:02:20.763+09:00  INFO 8788 --- [restartedMain] o.s.b.w.embedded.tomcat.TomcatWebServer  : Tomcat started on port(s): 8080 (http) with context path ''
2023-02-11T18:02:20.767+09:00  INFO 8788 --- [restartedMain] org.msa.item.ItemServiceApplication      : Started ItemServiceApplication in 1.027 seconds (process running for 3232.318)
2023-02-11T18:02:20.768+09:00  INFO 8788 --- [restartedMain] .ConditionEvaluationDeltaLoggingListener : Condition evaluation unchanged
2023-02-11T18:02:21.859+09:00  INFO 8788 --- [RMI TCP Connection(57)-127.0.0.1] inMXBeanRegistrar$SpringApplicationAdmin : Application shutdown requested.
2023-02-11T18:02:21.879+09:00  INFO 8788 --- [RMI TCP Connection(57)-127.0.0.1] o.apache.catalina.core.StandardService   : Stopping service [Tomcat]
2023-02-11T18:02:21.882+09:00  INFO 8788 --- [RMI TCP Connection(57)-127.0.0.1] j.LocalContainerEntityManagerFactoryBean : Closing JPA EntityManagerFactory for persistence unit 'default'
2023-02-11T18:02:21.882+09:00  INFO 8788 --- [RMI TCP Connection(57)-127.0.0.1] com.zaxxer.hikari.HikariDataSource       : HikariPool-2 - Shutdown initiated...
2023-02-11T18:02:21.885+09:00  INFO 8788 --- [RMI TCP Connection(57)-127.0.0.1] com.zaxxer.hikari.HikariDataSource       : HikariPool-2 - Shutdown completed.
2023-02-11T18:05:11.294+09:00  INFO 16776 --- [restartedMain] org.msa.item.ItemServiceApplication      : Starting ItemServiceApplication using Java 17.0.4.1 with PID 16776 (C:\Users\이현섭\git\2-1.Microservice\item-service\bin\main started by 이현섭 in C:\Users\이현섭\git\2-1.Microservice\item-service)
2023-02-11T18:05:11.296+09:00 DEBUG 16776 --- [restartedMain] org.msa.item.ItemServiceApplication      : Running with Spring Boot v3.0.2, Spring v6.0.4
2023-02-11T18:05:11.297+09:00  INFO 16776 --- [restartedMain] org.msa.item.ItemServiceApplication      : No active profile set, falling back to 1 default profile: "default"
2023-02-11T18:05:11.347+09:00  INFO 16776 --- [restartedMain] .e.DevToolsPropertyDefaultsPostProcessor : Devtools property defaults active! Set 'spring.devtools.add-properties' to 'false' to disable
2023-02-11T18:05:11.348+09:00  INFO 16776 --- [restartedMain] .e.DevToolsPropertyDefaultsPostProcessor : For additional web related logging consider setting the 'logging.level.web' property to 'DEBUG'
2023-02-11T18:05:11.915+09:00  INFO 16776 --- [restartedMain] .s.d.r.c.RepositoryConfigurationDelegate : Bootstrapping Spring Data JPA repositories in DEFAULT mode.
2023-02-11T18:05:11.975+09:00  INFO 16776 --- [restartedMain] .s.d.r.c.RepositoryConfigurationDelegate : Finished Spring Data repository scanning in 50 ms. Found 1 JPA repository interfaces.
2023-02-11T18:05:12.517+09:00  INFO 16776 --- [restartedMain] o.s.b.w.embedded.tomcat.TomcatWebServer  : Tomcat initialized with port(s): 8080 (http)
2023-02-11T18:05:12.531+09:00  INFO 16776 --- [restartedMain] o.apache.catalina.core.StandardService   : Starting service [Tomcat]
2023-02-11T18:05:12.532+09:00  INFO 16776 --- [restartedMain] o.apache.catalina.core.StandardEngine    : Starting Servlet engine: [Apache Tomcat/10.1.5]
2023-02-11T18:05:12.630+09:00  INFO 16776 --- [restartedMain] o.a.c.c.C.[Tomcat].[localhost].[/]       : Initializing Spring embedded WebApplicationContext
2023-02-11T18:05:12.631+09:00  INFO 16776 --- [restartedMain] w.s.c.ServletWebServerApplicationContext : Root WebApplicationContext: initialization completed in 1283 ms
2023-02-11T18:05:12.770+09:00  INFO 16776 --- [restartedMain] o.hibernate.jpa.internal.util.LogHelper  : HHH000204: Processing PersistenceUnitInfo [name: default]
2023-02-11T18:05:12.824+09:00  INFO 16776 --- [restartedMain] org.hibernate.Version                    : HHH000412: Hibernate ORM core version 6.1.6.Final
2023-02-11T18:05:13.009+09:00  WARN 16776 --- [restartedMain] org.hibernate.orm.deprecation            : HHH90000021: Encountered deprecated setting [javax.persistence.sharedCache.mode], use [jakarta.persistence.sharedCache.mode] instead
2023-02-11T18:05:13.139+09:00  INFO 16776 --- [restartedMain] com.zaxxer.hikari.HikariDataSource       : HikariPool-1 - Starting...
2023-02-11T18:05:13.227+09:00  INFO 16776 --- [restartedMain] com.zaxxer.hikari.pool.HikariPool        : HikariPool-1 - Added connection org.mariadb.jdbc.Connection@1ea07c3a
2023-02-11T18:05:13.229+09:00  INFO 16776 --- [restartedMain] com.zaxxer.hikari.HikariDataSource       : HikariPool-1 - Start completed.
2023-02-11T18:05:13.250+09:00  INFO 16776 --- [restartedMain] SQL dialect                              : HHH000400: Using dialect: org.hibernate.dialect.MariaDB103Dialect
2023-02-11T18:05:13.250+09:00  WARN 16776 --- [restartedMain] org.hibernate.orm.deprecation            : HHH90000026: MariaDB103Dialect has been deprecated; use org.hibernate.dialect.MariaDBDialect instead
2023-02-11T18:05:14.292+09:00  INFO 16776 --- [restartedMain] o.h.e.t.j.p.i.JtaPlatformInitiator       : HHH000490: Using JtaPlatform implementation: [org.hibernate.engine.transaction.jta.platform.internal.NoJtaPlatform]
2023-02-11T18:05:14.302+09:00  INFO 16776 --- [restartedMain] j.LocalContainerEntityManagerFactoryBean : Initialized JPA EntityManagerFactory for persistence unit 'default'
2023-02-11T18:05:14.577+09:00  WARN 16776 --- [restartedMain] JpaBaseConfiguration$JpaWebConfiguration : spring.jpa.open-in-view is enabled by default. Therefore, database queries may be performed during view rendering. Explicitly configure spring.jpa.open-in-view to disable this warning
2023-02-11T18:05:14.883+09:00  INFO 16776 --- [restartedMain] o.s.b.d.a.OptionalLiveReloadServer       : LiveReload server is running on port 35729
2023-02-11T18:05:14.925+09:00  INFO 16776 --- [restartedMain] o.s.b.w.embedded.tomcat.TomcatWebServer  : Tomcat started on port(s): 8080 (http) with context path ''
2023-02-11T18:05:14.933+09:00  INFO 16776 --- [restartedMain] org.msa.item.ItemServiceApplication      : Started ItemServiceApplication in 4.099 seconds (process running for 4.908)
2023-02-11T18:05:18.501+09:00  INFO 16776 --- [http-nio-8080-exec-2] o.a.c.c.C.[Tomcat].[localhost].[/]       : Initializing Spring DispatcherServlet 'dispatcherServlet'
2023-02-11T18:05:18.501+09:00  INFO 16776 --- [http-nio-8080-exec-2] o.s.web.servlet.DispatcherServlet        : Initializing Servlet 'dispatcherServlet'
2023-02-11T18:05:18.503+09:00  INFO 16776 --- [http-nio-8080-exec-2] o.s.web.servlet.DispatcherServlet        : Completed initialization in 2 ms
2023-02-11T18:05:18.692+09:00 ERROR 16776 --- [http-nio-8080-exec-2] o.a.c.c.C.[.[.[/].[dispatcherServlet]    : Servlet.service() for servlet [dispatcherServlet] in context with path [] threw exception [Request processing failed: org.springframework.orm.jpa.JpaSystemException: ids for this class must be manually assigned before calling save(): org.msa.item.domain.Item] with root cause

org.hibernate.id.IdentifierGenerationException: ids for this class must be manually assigned before calling save(): org.msa.item.domain.Item
	at org.hibernate.id.Assigned.generate(Assigned.java:33) ~[hibernate-core-6.1.6.Final.jar:6.1.6.Final]
	at org.hibernate.event.internal.AbstractSaveEventListener.saveWithGeneratedId(AbstractSaveEventListener.java:114) ~[hibernate-core-6.1.6.Final.jar:6.1.6.Final]
	at org.hibernate.event.internal.DefaultPersistEventListener.entityIsTransient(DefaultPersistEventListener.java:184) ~[hibernate-core-6.1.6.Final.jar:6.1.6.Final]
	at org.hibernate.event.internal.DefaultPersistEventListener.onPersist(DefaultPersistEventListener.java:129) ~[hibernate-core-6.1.6.Final.jar:6.1.6.Final]
	at org.hibernate.event.internal.DefaultPersistEventListener.onPersist(DefaultPersistEventListener.java:53) ~[hibernate-core-6.1.6.Final.jar:6.1.6.Final]
	at org.hibernate.event.service.internal.EventListenerGroupImpl.fireEventOnEachListener(EventListenerGroupImpl.java:107) ~[hibernate-core-6.1.6.Final.jar:6.1.6.Final]
	at org.hibernate.internal.SessionImpl.firePersist(SessionImpl.java:737) ~[hibernate-core-6.1.6.Final.jar:6.1.6.Final]
	at org.hibernate.internal.SessionImpl.persist(SessionImpl.java:721) ~[hibernate-core-6.1.6.Final.jar:6.1.6.Final]
	at java.base/jdk.internal.reflect.NativeMethodAccessorImpl.invoke0(Native Method) ~[na:na]
	at java.base/jdk.internal.reflect.NativeMethodAccessorImpl.invoke(NativeMethodAccessorImpl.java:77) ~[na:na]
	at java.base/jdk.internal.reflect.DelegatingMethodAccessorImpl.invoke(DelegatingMethodAccessorImpl.java:43) ~[na:na]
	at java.base/java.lang.reflect.Method.invoke(Method.java:568) ~[na:na]
	at org.springframework.orm.jpa.ExtendedEntityManagerCreator$ExtendedEntityManagerInvocationHandler.invoke(ExtendedEntityManagerCreator.java:360) ~[spring-orm-6.0.4.jar:6.0.4]
	at jdk.proxy4/jdk.proxy4.$Proxy99.persist(Unknown Source) ~[na:na]
	at java.base/jdk.internal.reflect.NativeMethodAccessorImpl.invoke0(Native Method) ~[na:na]
	at java.base/jdk.internal.reflect.NativeMethodAccessorImpl.invoke(NativeMethodAccessorImpl.java:77) ~[na:na]
	at java.base/jdk.internal.reflect.DelegatingMethodAccessorImpl.invoke(DelegatingMethodAccessorImpl.java:43) ~[na:na]
	at java.base/java.lang.reflect.Method.invoke(Method.java:568) ~[na:na]
	at org.springframework.orm.jpa.SharedEntityManagerCreator$SharedEntityManagerInvocationHandler.invoke(SharedEntityManagerCreator.java:307) ~[spring-orm-6.0.4.jar:6.0.4]
	at jdk.proxy4/jdk.proxy4.$Proxy99.persist(Unknown Source) ~[na:na]
	at org.springframework.data.jpa.repository.support.SimpleJpaRepository.save(SimpleJpaRepository.java:610) ~[spring-data-jpa-3.0.1.jar:3.0.1]
	at java.base/jdk.internal.reflect.NativeMethodAccessorImpl.invoke0(Native Method) ~[na:na]
	at java.base/jdk.internal.reflect.NativeMethodAccessorImpl.invoke(NativeMethodAccessorImpl.java:77) ~[na:na]
	at java.base/jdk.internal.reflect.DelegatingMethodAccessorImpl.invoke(DelegatingMethodAccessorImpl.java:43) ~[na:na]
	at java.base/java.lang.reflect.Method.invoke(Method.java:568) ~[na:na]
	at org.springframework.data.repository.core.support.RepositoryMethodInvoker$RepositoryFragmentMethodInvoker.lambda$new$0(RepositoryMethodInvoker.java:288) ~[spring-data-commons-3.0.1.jar:3.0.1]
	at org.springframework.data.repository.core.support.RepositoryMethodInvoker.doInvoke(RepositoryMethodInvoker.java:136) ~[spring-data-commons-3.0.1.jar:3.0.1]
	at org.springframework.data.repository.core.support.RepositoryMethodInvoker.invoke(RepositoryMethodInvoker.java:120) ~[spring-data-commons-3.0.1.jar:3.0.1]
	at org.springframework.data.repository.core.support.RepositoryComposition$RepositoryFragments.invoke(RepositoryComposition.java:516) ~[spring-data-commons-3.0.1.jar:3.0.1]
	at org.springframework.data.repository.core.support.RepositoryComposition.invoke(RepositoryComposition.java:285) ~[spring-data-commons-3.0.1.jar:3.0.1]
	at org.springframework.data.repository.core.support.RepositoryFactorySupport$ImplementationMethodExecutionInterceptor.invoke(RepositoryFactorySupport.java:628) ~[spring-data-commons-3.0.1.jar:3.0.1]
	at org.springframework.aop.framework.ReflectiveMethodInvocation.proceed(ReflectiveMethodInvocation.java:184) ~[spring-aop-6.0.4.jar:6.0.4]
	at org.springframework.data.repository.core.support.QueryExecutorMethodInterceptor.doInvoke(QueryExecutorMethodInterceptor.java:168) ~[spring-data-commons-3.0.1.jar:3.0.1]
	at org.springframework.data.repository.core.support.QueryExecutorMethodInterceptor.invoke(QueryExecutorMethodInterceptor.java:143) ~[spring-data-commons-3.0.1.jar:3.0.1]
	at org.springframework.aop.framework.ReflectiveMethodInvocation.proceed(ReflectiveMethodInvocation.java:184) ~[spring-aop-6.0.4.jar:6.0.4]
	at org.springframework.data.projection.DefaultMethodInvokingMethodInterceptor.invoke(DefaultMethodInvokingMethodInterceptor.java:77) ~[spring-data-commons-3.0.1.jar:3.0.1]
	at org.springframework.aop.framework.ReflectiveMethodInvocation.proceed(ReflectiveMethodInvocation.java:184) ~[spring-aop-6.0.4.jar:6.0.4]
	at org.springframework.transaction.interceptor.TransactionInterceptor$1.proceedWithInvocation(TransactionInterceptor.java:123) ~[spring-tx-6.0.4.jar:6.0.4]
	at org.springframework.transaction.interceptor.TransactionAspectSupport.invokeWithinTransaction(TransactionAspectSupport.java:388) ~[spring-tx-6.0.4.jar:6.0.4]
	at org.springframework.transaction.interceptor.TransactionInterceptor.invoke(TransactionInterceptor.java:119) ~[spring-tx-6.0.4.jar:6.0.4]
	at org.springframework.aop.framework.ReflectiveMethodInvocation.proceed(ReflectiveMethodInvocation.java:184) ~[spring-aop-6.0.4.jar:6.0.4]
	at org.springframework.dao.support.PersistenceExceptionTranslationInterceptor.invoke(PersistenceExceptionTranslationInterceptor.java:137) ~[spring-tx-6.0.4.jar:6.0.4]
	at org.springframework.aop.framework.ReflectiveMethodInvocation.proceed(ReflectiveMethodInvocation.java:184) ~[spring-aop-6.0.4.jar:6.0.4]
	at org.springframework.data.jpa.repository.support.CrudMethodMetadataPostProcessor$CrudMethodMetadataPopulatingMethodInterceptor.invoke(CrudMethodMetadataPostProcessor.java:163) ~[spring-data-jpa-3.0.1.jar:3.0.1]
	at org.springframework.aop.framework.ReflectiveMethodInvocation.proceed(ReflectiveMethodInvocation.java:184) ~[spring-aop-6.0.4.jar:6.0.4]
	at org.springframework.aop.interceptor.ExposeInvocationInterceptor.invoke(ExposeInvocationInterceptor.java:97) ~[spring-aop-6.0.4.jar:6.0.4]
	at org.springframework.aop.framework.ReflectiveMethodInvocation.proceed(ReflectiveMethodInvocation.java:184) ~[spring-aop-6.0.4.jar:6.0.4]
	at org.springframework.aop.framework.JdkDynamicAopProxy.invoke(JdkDynamicAopProxy.java:218) ~[spring-aop-6.0.4.jar:6.0.4]
	at jdk.proxy4/jdk.proxy4.$Proxy103.save(Unknown Source) ~[na:na]
	at org.msa.item.service.ItemService.insertItem(ItemService.java:30) ~[main/:na]
	at org.msa.item.controller.ItemController.add(ItemController.java:29) ~[main/:na]
	at java.base/jdk.internal.reflect.NativeMethodAccessorImpl.invoke0(Native Method) ~[na:na]
	at java.base/jdk.internal.reflect.NativeMethodAccessorImpl.invoke(NativeMethodAccessorImpl.java:77) ~[na:na]
	at java.base/jdk.internal.reflect.DelegatingMethodAccessorImpl.invoke(DelegatingMethodAccessorImpl.java:43) ~[na:na]
	at java.base/java.lang.reflect.Method.invoke(Method.java:568) ~[na:na]
	at org.springframework.web.method.support.InvocableHandlerMethod.doInvoke(InvocableHandlerMethod.java:207) ~[spring-web-6.0.4.jar:6.0.4]
	at org.springframework.web.method.support.InvocableHandlerMethod.invokeForRequest(InvocableHandlerMethod.java:152) ~[spring-web-6.0.4.jar:6.0.4]
	at org.springframework.web.servlet.mvc.method.annotation.ServletInvocableHandlerMethod.invokeAndHandle(ServletInvocableHandlerMethod.java:117) ~[spring-webmvc-6.0.4.jar:6.0.4]
	at org.springframework.web.servlet.mvc.method.annotation.RequestMappingHandlerAdapter.invokeHandlerMethod(RequestMappingHandlerAdapter.java:884) ~[spring-webmvc-6.0.4.jar:6.0.4]
	at org.springframework.web.servlet.mvc.method.annotation.RequestMappingHandlerAdapter.handleInternal(RequestMappingHandlerAdapter.java:797) ~[spring-webmvc-6.0.4.jar:6.0.4]
	at org.springframework.web.servlet.mvc.method.AbstractHandlerMethodAdapter.handle(AbstractHandlerMethodAdapter.java:87) ~[spring-webmvc-6.0.4.jar:6.0.4]
	at org.springframework.web.servlet.DispatcherServlet.doDispatch(DispatcherServlet.java:1080) ~[spring-webmvc-6.0.4.jar:6.0.4]
	at org.springframework.web.servlet.DispatcherServlet.doService(DispatcherServlet.java:973) ~[spring-webmvc-6.0.4.jar:6.0.4]
	at org.springframework.web.servlet.FrameworkServlet.processRequest(FrameworkServlet.java:1011) ~[spring-webmvc-6.0.4.jar:6.0.4]
	at org.springframework.web.servlet.FrameworkServlet.doPost(FrameworkServlet.java:914) ~[spring-webmvc-6.0.4.jar:6.0.4]
	at jakarta.servlet.http.HttpServlet.service(HttpServlet.java:731) ~[tomcat-embed-core-10.1.5.jar:6.0]
	at org.springframework.web.servlet.FrameworkServlet.service(FrameworkServlet.java:885) ~[spring-webmvc-6.0.4.jar:6.0.4]
	at jakarta.servlet.http.HttpServlet.service(HttpServlet.java:814) ~[tomcat-embed-core-10.1.5.jar:6.0]
	at org.apache.catalina.core.ApplicationFilterChain.internalDoFilter(ApplicationFilterChain.java:223) ~[tomcat-embed-core-10.1.5.jar:10.1.5]
	at org.apache.catalina.core.ApplicationFilterChain.doFilter(ApplicationFilterChain.java:158) ~[tomcat-embed-core-10.1.5.jar:10.1.5]
	at org.apache.tomcat.websocket.server.WsFilter.doFilter(WsFilter.java:53) ~[tomcat-embed-websocket-10.1.5.jar:10.1.5]
	at org.apache.catalina.core.ApplicationFilterChain.internalDoFilter(ApplicationFilterChain.java:185) ~[tomcat-embed-core-10.1.5.jar:10.1.5]
	at org.apache.catalina.core.ApplicationFilterChain.doFilter(ApplicationFilterChain.java:158) ~[tomcat-embed-core-10.1.5.jar:10.1.5]
	at org.springframework.web.filter.RequestContextFilter.doFilterInternal(RequestContextFilter.java:100) ~[spring-web-6.0.4.jar:6.0.4]
	at org.springframework.web.filter.OncePerRequestFilter.doFilter(OncePerRequestFilter.java:116) ~[spring-web-6.0.4.jar:6.0.4]
	at org.apache.catalina.core.ApplicationFilterChain.internalDoFilter(ApplicationFilterChain.java:185) ~[tomcat-embed-core-10.1.5.jar:10.1.5]
	at org.apache.catalina.core.ApplicationFilterChain.doFilter(ApplicationFilterChain.java:158) ~[tomcat-embed-core-10.1.5.jar:10.1.5]
	at org.springframework.web.filter.FormContentFilter.doFilterInternal(FormContentFilter.java:93) ~[spring-web-6.0.4.jar:6.0.4]
	at org.springframework.web.filter.OncePerRequestFilter.doFilter(OncePerRequestFilter.java:116) ~[spring-web-6.0.4.jar:6.0.4]
	at org.apache.catalina.core.ApplicationFilterChain.internalDoFilter(ApplicationFilterChain.java:185) ~[tomcat-embed-core-10.1.5.jar:10.1.5]
	at org.apache.catalina.core.ApplicationFilterChain.doFilter(ApplicationFilterChain.java:158) ~[tomcat-embed-core-10.1.5.jar:10.1.5]
	at org.springframework.web.filter.CharacterEncodingFilter.doFilterInternal(CharacterEncodingFilter.java:201) ~[spring-web-6.0.4.jar:6.0.4]
	at org.springframework.web.filter.OncePerRequestFilter.doFilter(OncePerRequestFilter.java:116) ~[spring-web-6.0.4.jar:6.0.4]
	at org.apache.catalina.core.ApplicationFilterChain.internalDoFilter(ApplicationFilterChain.java:185) ~[tomcat-embed-core-10.1.5.jar:10.1.5]
	at org.apache.catalina.core.ApplicationFilterChain.doFilter(ApplicationFilterChain.java:158) ~[tomcat-embed-core-10.1.5.jar:10.1.5]
	at org.apache.catalina.core.StandardWrapperValve.invoke(StandardWrapperValve.java:177) ~[tomcat-embed-core-10.1.5.jar:10.1.5]
	at org.apache.catalina.core.StandardContextValve.invoke(StandardContextValve.java:97) ~[tomcat-embed-core-10.1.5.jar:10.1.5]
	at org.apache.catalina.authenticator.AuthenticatorBase.invoke(AuthenticatorBase.java:542) ~[tomcat-embed-core-10.1.5.jar:10.1.5]
	at org.apache.catalina.core.StandardHostValve.invoke(StandardHostValve.java:119) ~[tomcat-embed-core-10.1.5.jar:10.1.5]
	at org.apache.catalina.valves.ErrorReportValve.invoke(ErrorReportValve.java:92) ~[tomcat-embed-core-10.1.5.jar:10.1.5]
	at org.apache.catalina.core.StandardEngineValve.invoke(StandardEngineValve.java:78) ~[tomcat-embed-core-10.1.5.jar:10.1.5]
	at org.apache.catalina.connector.CoyoteAdapter.service(CoyoteAdapter.java:357) ~[tomcat-embed-core-10.1.5.jar:10.1.5]
	at org.apache.coyote.http11.Http11Processor.service(Http11Processor.java:400) ~[tomcat-embed-core-10.1.5.jar:10.1.5]
	at org.apache.coyote.AbstractProcessorLight.process(AbstractProcessorLight.java:65) ~[tomcat-embed-core-10.1.5.jar:10.1.5]
	at org.apache.coyote.AbstractProtocol$ConnectionHandler.process(AbstractProtocol.java:859) ~[tomcat-embed-core-10.1.5.jar:10.1.5]
	at org.apache.tomcat.util.net.NioEndpoint$SocketProcessor.doRun(NioEndpoint.java:1734) ~[tomcat-embed-core-10.1.5.jar:10.1.5]
	at org.apache.tomcat.util.net.SocketProcessorBase.run(SocketProcessorBase.java:52) ~[tomcat-embed-core-10.1.5.jar:10.1.5]
	at org.apache.tomcat.util.threads.ThreadPoolExecutor.runWorker(ThreadPoolExecutor.java:1191) ~[tomcat-embed-core-10.1.5.jar:10.1.5]
	at org.apache.tomcat.util.threads.ThreadPoolExecutor$Worker.run(ThreadPoolExecutor.java:659) ~[tomcat-embed-core-10.1.5.jar:10.1.5]
	at org.apache.tomcat.util.threads.TaskThread$WrappingRunnable.run(TaskThread.java:61) ~[tomcat-embed-core-10.1.5.jar:10.1.5]
	at java.base/java.lang.Thread.run(Thread.java:833) ~[na:na]

2023-02-11T18:05:35.617+09:00  INFO 16776 --- [RMI TCP Connection(2)-127.0.0.1] inMXBeanRegistrar$SpringApplicationAdmin : Application shutdown requested.
2023-02-11T18:05:35.632+09:00  INFO 16776 --- [RMI TCP Connection(2)-127.0.0.1] o.apache.catalina.core.StandardService   : Stopping service [Tomcat]
2023-02-11T18:05:35.634+09:00  INFO 16776 --- [RMI TCP Connection(2)-127.0.0.1] o.a.c.c.C.[Tomcat].[localhost].[/]       : Destroying Spring FrameworkServlet 'dispatcherServlet'
2023-02-11T18:05:35.642+09:00  INFO 16776 --- [RMI TCP Connection(2)-127.0.0.1] j.LocalContainerEntityManagerFactoryBean : Closing JPA EntityManagerFactory for persistence unit 'default'
2023-02-11T18:05:35.645+09:00  INFO 16776 --- [RMI TCP Connection(2)-127.0.0.1] com.zaxxer.hikari.HikariDataSource       : HikariPool-1 - Shutdown initiated...
2023-02-11T18:05:35.649+09:00  INFO 16776 --- [RMI TCP Connection(2)-127.0.0.1] com.zaxxer.hikari.HikariDataSource       : HikariPool-1 - Shutdown completed.
2023-02-11T18:09:02.656+09:00  INFO 12448 --- [restartedMain] org.msa.item.ItemServiceApplication      : Starting ItemServiceApplication using Java 17.0.4.1 with PID 12448 (C:\Users\이현섭\git\2-1.Microservice\item-service\bin\main started by 이현섭 in C:\Users\이현섭\git\2-1.Microservice\item-service)
2023-02-11T18:09:02.658+09:00 DEBUG 12448 --- [restartedMain] org.msa.item.ItemServiceApplication      : Running with Spring Boot v3.0.2, Spring v6.0.4
2023-02-11T18:09:02.659+09:00  INFO 12448 --- [restartedMain] org.msa.item.ItemServiceApplication      : No active profile set, falling back to 1 default profile: "default"
2023-02-11T18:09:02.710+09:00  INFO 12448 --- [restartedMain] .e.DevToolsPropertyDefaultsPostProcessor : Devtools property defaults active! Set 'spring.devtools.add-properties' to 'false' to disable
2023-02-11T18:09:02.711+09:00  INFO 12448 --- [restartedMain] .e.DevToolsPropertyDefaultsPostProcessor : For additional web related logging consider setting the 'logging.level.web' property to 'DEBUG'
2023-02-11T18:09:03.365+09:00  INFO 12448 --- [restartedMain] .s.d.r.c.RepositoryConfigurationDelegate : Bootstrapping Spring Data JPA repositories in DEFAULT mode.
2023-02-11T18:09:03.426+09:00  INFO 12448 --- [restartedMain] .s.d.r.c.RepositoryConfigurationDelegate : Finished Spring Data repository scanning in 52 ms. Found 1 JPA repository interfaces.
2023-02-11T18:09:04.025+09:00  INFO 12448 --- [restartedMain] o.s.b.w.embedded.tomcat.TomcatWebServer  : Tomcat initialized with port(s): 8080 (http)
2023-02-11T18:09:04.038+09:00  INFO 12448 --- [restartedMain] o.apache.catalina.core.StandardService   : Starting service [Tomcat]
2023-02-11T18:09:04.039+09:00  INFO 12448 --- [restartedMain] o.apache.catalina.core.StandardEngine    : Starting Servlet engine: [Apache Tomcat/10.1.5]
2023-02-11T18:09:04.116+09:00  INFO 12448 --- [restartedMain] o.a.c.c.C.[Tomcat].[localhost].[/]       : Initializing Spring embedded WebApplicationContext
2023-02-11T18:09:04.117+09:00  INFO 12448 --- [restartedMain] w.s.c.ServletWebServerApplicationContext : Root WebApplicationContext: initialization completed in 1405 ms
2023-02-11T18:09:04.262+09:00  INFO 12448 --- [restartedMain] o.hibernate.jpa.internal.util.LogHelper  : HHH000204: Processing PersistenceUnitInfo [name: default]
2023-02-11T18:09:04.328+09:00  INFO 12448 --- [restartedMain] org.hibernate.Version                    : HHH000412: Hibernate ORM core version 6.1.6.Final
2023-02-11T18:09:04.525+09:00  WARN 12448 --- [restartedMain] org.hibernate.orm.deprecation            : HHH90000021: Encountered deprecated setting [javax.persistence.sharedCache.mode], use [jakarta.persistence.sharedCache.mode] instead
2023-02-11T18:09:04.654+09:00  INFO 12448 --- [restartedMain] com.zaxxer.hikari.HikariDataSource       : HikariPool-1 - Starting...
2023-02-11T18:09:04.745+09:00  INFO 12448 --- [restartedMain] com.zaxxer.hikari.pool.HikariPool        : HikariPool-1 - Added connection org.mariadb.jdbc.Connection@78083b8c
2023-02-11T18:09:04.748+09:00  INFO 12448 --- [restartedMain] com.zaxxer.hikari.HikariDataSource       : HikariPool-1 - Start completed.
2023-02-11T18:09:04.772+09:00  INFO 12448 --- [restartedMain] SQL dialect                              : HHH000400: Using dialect: org.hibernate.dialect.MariaDB103Dialect
2023-02-11T18:09:04.772+09:00  WARN 12448 --- [restartedMain] org.hibernate.orm.deprecation            : HHH90000026: MariaDB103Dialect has been deprecated; use org.hibernate.dialect.MariaDBDialect instead
2023-02-11T18:09:05.822+09:00  INFO 12448 --- [restartedMain] o.h.e.t.j.p.i.JtaPlatformInitiator       : HHH000490: Using JtaPlatform implementation: [org.hibernate.engine.transaction.jta.platform.internal.NoJtaPlatform]
2023-02-11T18:09:05.833+09:00  INFO 12448 --- [restartedMain] j.LocalContainerEntityManagerFactoryBean : Initialized JPA EntityManagerFactory for persistence unit 'default'
2023-02-11T18:09:06.123+09:00  WARN 12448 --- [restartedMain] JpaBaseConfiguration$JpaWebConfiguration : spring.jpa.open-in-view is enabled by default. Therefore, database queries may be performed during view rendering. Explicitly configure spring.jpa.open-in-view to disable this warning
2023-02-11T18:09:06.430+09:00  INFO 12448 --- [restartedMain] o.s.b.d.a.OptionalLiveReloadServer       : LiveReload server is running on port 35729
2023-02-11T18:09:06.469+09:00  INFO 12448 --- [restartedMain] o.s.b.w.embedded.tomcat.TomcatWebServer  : Tomcat started on port(s): 8080 (http) with context path ''
2023-02-11T18:09:06.477+09:00  INFO 12448 --- [restartedMain] org.msa.item.ItemServiceApplication      : Started ItemServiceApplication in 4.289 seconds (process running for 5.159)
2023-02-11T18:09:08.261+09:00  INFO 12448 --- [http-nio-8080-exec-2] o.a.c.c.C.[Tomcat].[localhost].[/]       : Initializing Spring DispatcherServlet 'dispatcherServlet'
2023-02-11T18:09:08.262+09:00  INFO 12448 --- [http-nio-8080-exec-2] o.s.web.servlet.DispatcherServlet        : Initializing Servlet 'dispatcherServlet'
2023-02-11T18:09:08.263+09:00  INFO 12448 --- [http-nio-8080-exec-2] o.s.web.servlet.DispatcherServlet        : Completed initialization in 1 ms
2023-02-11T18:09:08.456+09:00  WARN 12448 --- [http-nio-8080-exec-2] .w.s.m.s.DefaultHandlerExceptionResolver : Resolved [org.springframework.web.bind.MethodArgumentNotValidException: Validation failed for argument [0] in public org.springframework.http.ResponseEntity<org.msa.item.dto.ResponseDTO> org.msa.item.controller.ItemController.add(org.msa.item.dto.ItemDTO): [Field error in object 'itemDTO' on field 'id': rejected value [null]; codes [NotBlank.itemDTO.id,NotBlank.id,NotBlank.java.lang.String,NotBlank]; arguments [org.springframework.context.support.DefaultMessageSourceResolvable: codes [itemDTO.id,id]; arguments []; default message [id]]; default message [닉네임은 필수 입력 값입니다.]] ]
2023-02-11T18:13:30.858+09:00  INFO 12448 --- [File Watcher] rtingClassPathChangeChangedEventListener : Restarting due to 1 class path change (0 additions, 0 deletions, 1 modification)
2023-02-11T18:13:30.878+09:00  INFO 12448 --- [Thread-5] o.apache.catalina.core.StandardService   : Stopping service [Tomcat]
2023-02-11T18:13:30.879+09:00  INFO 12448 --- [Thread-5] o.a.c.c.C.[Tomcat].[localhost].[/]       : Destroying Spring FrameworkServlet 'dispatcherServlet'
2023-02-11T18:13:30.884+09:00  INFO 12448 --- [Thread-5] j.LocalContainerEntityManagerFactoryBean : Closing JPA EntityManagerFactory for persistence unit 'default'
2023-02-11T18:13:30.887+09:00  INFO 12448 --- [Thread-5] com.zaxxer.hikari.HikariDataSource       : HikariPool-1 - Shutdown initiated...
2023-02-11T18:13:30.893+09:00  INFO 12448 --- [Thread-5] com.zaxxer.hikari.HikariDataSource       : HikariPool-1 - Shutdown completed.
2023-02-11T18:13:30.958+09:00  INFO 12448 --- [restartedMain] org.msa.item.ItemServiceApplication      : Starting ItemServiceApplication using Java 17.0.4.1 with PID 12448 (C:\Users\이현섭\git\2-1.Microservice\item-service\bin\main started by 이현섭 in C:\Users\이현섭\git\2-1.Microservice\item-service)
2023-02-11T18:13:30.958+09:00 DEBUG 12448 --- [restartedMain] org.msa.item.ItemServiceApplication      : Running with Spring Boot v3.0.2, Spring v6.0.4
2023-02-11T18:13:30.962+09:00  INFO 12448 --- [restartedMain] org.msa.item.ItemServiceApplication      : No active profile set, falling back to 1 default profile: "default"
2023-02-11T18:13:31.152+09:00  INFO 12448 --- [restartedMain] .s.d.r.c.RepositoryConfigurationDelegate : Bootstrapping Spring Data JPA repositories in DEFAULT mode.
2023-02-11T18:13:31.161+09:00  INFO 12448 --- [restartedMain] .s.d.r.c.RepositoryConfigurationDelegate : Finished Spring Data repository scanning in 7 ms. Found 1 JPA repository interfaces.
2023-02-11T18:13:31.240+09:00  INFO 12448 --- [restartedMain] o.s.b.w.embedded.tomcat.TomcatWebServer  : Tomcat initialized with port(s): 8080 (http)
2023-02-11T18:13:31.240+09:00  INFO 12448 --- [restartedMain] o.apache.catalina.core.StandardService   : Starting service [Tomcat]
2023-02-11T18:13:31.241+09:00  INFO 12448 --- [restartedMain] o.apache.catalina.core.StandardEngine    : Starting Servlet engine: [Apache Tomcat/10.1.5]
2023-02-11T18:13:31.271+09:00  INFO 12448 --- [restartedMain] o.a.c.c.C.[Tomcat].[localhost].[/]       : Initializing Spring embedded WebApplicationContext
2023-02-11T18:13:31.272+09:00  INFO 12448 --- [restartedMain] w.s.c.ServletWebServerApplicationContext : Root WebApplicationContext: initialization completed in 307 ms
2023-02-11T18:13:31.307+09:00  INFO 12448 --- [restartedMain] o.hibernate.jpa.internal.util.LogHelper  : HHH000204: Processing PersistenceUnitInfo [name: default]
2023-02-11T18:13:31.312+09:00  WARN 12448 --- [restartedMain] org.hibernate.orm.deprecation            : HHH90000021: Encountered deprecated setting [javax.persistence.sharedCache.mode], use [jakarta.persistence.sharedCache.mode] instead
2023-02-11T18:13:31.317+09:00  INFO 12448 --- [restartedMain] com.zaxxer.hikari.HikariDataSource       : HikariPool-2 - Starting...
2023-02-11T18:13:31.322+09:00  INFO 12448 --- [restartedMain] com.zaxxer.hikari.pool.HikariPool        : HikariPool-2 - Added connection org.mariadb.jdbc.Connection@40db2958
2023-02-11T18:13:31.322+09:00  INFO 12448 --- [restartedMain] com.zaxxer.hikari.HikariDataSource       : HikariPool-2 - Start completed.
2023-02-11T18:13:31.323+09:00  INFO 12448 --- [restartedMain] SQL dialect                              : HHH000400: Using dialect: org.hibernate.dialect.MariaDB103Dialect
2023-02-11T18:13:31.323+09:00  WARN 12448 --- [restartedMain] org.hibernate.orm.deprecation            : HHH90000026: MariaDB103Dialect has been deprecated; use org.hibernate.dialect.MariaDBDialect instead
2023-02-11T18:13:31.611+09:00  INFO 12448 --- [restartedMain] o.h.e.t.j.p.i.JtaPlatformInitiator       : HHH000490: Using JtaPlatform implementation: [org.hibernate.engine.transaction.jta.platform.internal.NoJtaPlatform]
2023-02-11T18:13:31.612+09:00  INFO 12448 --- [restartedMain] j.LocalContainerEntityManagerFactoryBean : Initialized JPA EntityManagerFactory for persistence unit 'default'
2023-02-11T18:13:31.668+09:00  WARN 12448 --- [restartedMain] JpaBaseConfiguration$JpaWebConfiguration : spring.jpa.open-in-view is enabled by default. Therefore, database queries may be performed during view rendering. Explicitly configure spring.jpa.open-in-view to disable this warning
2023-02-11T18:13:31.740+09:00  INFO 12448 --- [restartedMain] o.s.b.d.a.OptionalLiveReloadServer       : LiveReload server is running on port 35729
2023-02-11T18:13:31.750+09:00  INFO 12448 --- [restartedMain] o.s.b.w.embedded.tomcat.TomcatWebServer  : Tomcat started on port(s): 8080 (http) with context path ''
2023-02-11T18:13:31.754+09:00  INFO 12448 --- [restartedMain] org.msa.item.ItemServiceApplication      : Started ItemServiceApplication in 0.825 seconds (process running for 270.435)
2023-02-11T18:13:31.755+09:00  INFO 12448 --- [restartedMain] .ConditionEvaluationDeltaLoggingListener : Condition evaluation unchanged
2023-02-11T18:13:33.053+09:00  INFO 12448 --- [RMI TCP Connection(8)-127.0.0.1] inMXBeanRegistrar$SpringApplicationAdmin : Application shutdown requested.
2023-02-11T18:13:33.081+09:00  INFO 12448 --- [RMI TCP Connection(8)-127.0.0.1] o.apache.catalina.core.StandardService   : Stopping service [Tomcat]
2023-02-11T18:13:33.084+09:00  INFO 12448 --- [RMI TCP Connection(8)-127.0.0.1] j.LocalContainerEntityManagerFactoryBean : Closing JPA EntityManagerFactory for persistence unit 'default'
2023-02-11T18:13:33.085+09:00  INFO 12448 --- [RMI TCP Connection(8)-127.0.0.1] com.zaxxer.hikari.HikariDataSource       : HikariPool-2 - Shutdown initiated...
2023-02-11T18:13:33.087+09:00  INFO 12448 --- [RMI TCP Connection(8)-127.0.0.1] com.zaxxer.hikari.HikariDataSource       : HikariPool-2 - Shutdown completed.
2023-02-11T18:14:35.926+09:00  INFO 2972 --- [restartedMain] org.msa.item.ItemServiceApplication      : Starting ItemServiceApplication using Java 17.0.4.1 with PID 2972 (C:\Users\이현섭\git\2-1.Microservice\item-service\bin\main started by 이현섭 in C:\Users\이현섭\git\2-1.Microservice\item-service)
2023-02-11T18:14:35.928+09:00 DEBUG 2972 --- [restartedMain] org.msa.item.ItemServiceApplication      : Running with Spring Boot v3.0.2, Spring v6.0.4
2023-02-11T18:14:35.929+09:00  INFO 2972 --- [restartedMain] org.msa.item.ItemServiceApplication      : No active profile set, falling back to 1 default profile: "default"
2023-02-11T18:14:35.977+09:00  INFO 2972 --- [restartedMain] .e.DevToolsPropertyDefaultsPostProcessor : Devtools property defaults active! Set 'spring.devtools.add-properties' to 'false' to disable
2023-02-11T18:14:35.978+09:00  INFO 2972 --- [restartedMain] .e.DevToolsPropertyDefaultsPostProcessor : For additional web related logging consider setting the 'logging.level.web' property to 'DEBUG'
2023-02-11T18:14:36.576+09:00  INFO 2972 --- [restartedMain] .s.d.r.c.RepositoryConfigurationDelegate : Bootstrapping Spring Data JPA repositories in DEFAULT mode.
2023-02-11T18:14:36.636+09:00  INFO 2972 --- [restartedMain] .s.d.r.c.RepositoryConfigurationDelegate : Finished Spring Data repository scanning in 50 ms. Found 1 JPA repository interfaces.
2023-02-11T18:14:37.188+09:00  INFO 2972 --- [restartedMain] o.s.b.w.embedded.tomcat.TomcatWebServer  : Tomcat initialized with port(s): 8080 (http)
2023-02-11T18:14:37.198+09:00  INFO 2972 --- [restartedMain] o.apache.catalina.core.StandardService   : Starting service [Tomcat]
2023-02-11T18:14:37.198+09:00  INFO 2972 --- [restartedMain] o.apache.catalina.core.StandardEngine    : Starting Servlet engine: [Apache Tomcat/10.1.5]
2023-02-11T18:14:37.267+09:00  INFO 2972 --- [restartedMain] o.a.c.c.C.[Tomcat].[localhost].[/]       : Initializing Spring embedded WebApplicationContext
2023-02-11T18:14:37.268+09:00  INFO 2972 --- [restartedMain] w.s.c.ServletWebServerApplicationContext : Root WebApplicationContext: initialization completed in 1289 ms
2023-02-11T18:14:37.402+09:00  INFO 2972 --- [restartedMain] o.hibernate.jpa.internal.util.LogHelper  : HHH000204: Processing PersistenceUnitInfo [name: default]
2023-02-11T18:14:37.465+09:00  INFO 2972 --- [restartedMain] org.hibernate.Version                    : HHH000412: Hibernate ORM core version 6.1.6.Final
2023-02-11T18:14:37.654+09:00  WARN 2972 --- [restartedMain] org.hibernate.orm.deprecation            : HHH90000021: Encountered deprecated setting [javax.persistence.sharedCache.mode], use [jakarta.persistence.sharedCache.mode] instead
2023-02-11T18:14:37.785+09:00  INFO 2972 --- [restartedMain] com.zaxxer.hikari.HikariDataSource       : HikariPool-1 - Starting...
2023-02-11T18:14:37.875+09:00  INFO 2972 --- [restartedMain] com.zaxxer.hikari.pool.HikariPool        : HikariPool-1 - Added connection org.mariadb.jdbc.Connection@e4e676e
2023-02-11T18:14:37.877+09:00  INFO 2972 --- [restartedMain] com.zaxxer.hikari.HikariDataSource       : HikariPool-1 - Start completed.
2023-02-11T18:14:37.900+09:00  INFO 2972 --- [restartedMain] SQL dialect                              : HHH000400: Using dialect: org.hibernate.dialect.MariaDB103Dialect
2023-02-11T18:14:37.900+09:00  WARN 2972 --- [restartedMain] org.hibernate.orm.deprecation            : HHH90000026: MariaDB103Dialect has been deprecated; use org.hibernate.dialect.MariaDBDialect instead
2023-02-11T18:14:39.154+09:00  INFO 2972 --- [restartedMain] o.h.e.t.j.p.i.JtaPlatformInitiator       : HHH000490: Using JtaPlatform implementation: [org.hibernate.engine.transaction.jta.platform.internal.NoJtaPlatform]
2023-02-11T18:14:39.166+09:00  INFO 2972 --- [restartedMain] j.LocalContainerEntityManagerFactoryBean : Initialized JPA EntityManagerFactory for persistence unit 'default'
2023-02-11T18:14:39.459+09:00  WARN 2972 --- [restartedMain] JpaBaseConfiguration$JpaWebConfiguration : spring.jpa.open-in-view is enabled by default. Therefore, database queries may be performed during view rendering. Explicitly configure spring.jpa.open-in-view to disable this warning
2023-02-11T18:14:39.747+09:00  INFO 2972 --- [restartedMain] o.s.b.d.a.OptionalLiveReloadServer       : LiveReload server is running on port 35729
2023-02-11T18:14:39.783+09:00  INFO 2972 --- [restartedMain] o.s.b.w.embedded.tomcat.TomcatWebServer  : Tomcat started on port(s): 8080 (http) with context path ''
2023-02-11T18:14:39.791+09:00  INFO 2972 --- [restartedMain] org.msa.item.ItemServiceApplication      : Started ItemServiceApplication in 4.331 seconds (process running for 5.147)
2023-02-11T18:14:41.492+09:00  INFO 2972 --- [http-nio-8080-exec-1] o.a.c.c.C.[Tomcat].[localhost].[/]       : Initializing Spring DispatcherServlet 'dispatcherServlet'
2023-02-11T18:14:41.492+09:00  INFO 2972 --- [http-nio-8080-exec-1] o.s.web.servlet.DispatcherServlet        : Initializing Servlet 'dispatcherServlet'
2023-02-11T18:14:41.493+09:00  INFO 2972 --- [http-nio-8080-exec-1] o.s.web.servlet.DispatcherServlet        : Completed initialization in 1 ms
2023-02-11T18:14:41.810+09:00 DEBUG 2972 --- [http-nio-8080-exec-1] org.msa.item.controller.ItemController   : request add item id = test1
2023-02-11T18:14:45.803+09:00  WARN 2972 --- [http-nio-8080-exec-3] .w.s.m.s.DefaultHandlerExceptionResolver : Resolved [org.springframework.web.bind.MethodArgumentNotValidException: Validation failed for argument [0] in public org.springframework.http.ResponseEntity<org.msa.item.dto.ResponseDTO> org.msa.item.controller.ItemController.add(org.msa.item.dto.ItemDTO): [Field error in object 'itemDTO' on field 'id': rejected value [test1test1test1]; codes [Size.itemDTO.id,Size.id,Size.java.lang.String,Size]; arguments [org.springframework.context.support.DefaultMessageSourceResolvable: codes [itemDTO.id,id]; arguments []; default message [id],10,0]; default message [ID는 크기 10이하까지 작성가능합니다.]] ]
2023-02-11T18:15:13.805+09:00  INFO 2972 --- [File Watcher] rtingClassPathChangeChangedEventListener : Restarting due to 1 class path change (0 additions, 0 deletions, 1 modification)
2023-02-11T18:15:13.821+09:00  INFO 2972 --- [Thread-5] o.apache.catalina.core.StandardService   : Stopping service [Tomcat]
2023-02-11T18:15:13.822+09:00  INFO 2972 --- [Thread-5] o.a.c.c.C.[Tomcat].[localhost].[/]       : Destroying Spring FrameworkServlet 'dispatcherServlet'
2023-02-11T18:15:13.829+09:00  INFO 2972 --- [Thread-5] j.LocalContainerEntityManagerFactoryBean : Closing JPA EntityManagerFactory for persistence unit 'default'
2023-02-11T18:15:13.834+09:00  INFO 2972 --- [Thread-5] com.zaxxer.hikari.HikariDataSource       : HikariPool-1 - Shutdown initiated...
2023-02-11T18:15:13.838+09:00  INFO 2972 --- [Thread-5] com.zaxxer.hikari.HikariDataSource       : HikariPool-1 - Shutdown completed.
2023-02-11T18:15:13.911+09:00  INFO 2972 --- [restartedMain] org.msa.item.ItemServiceApplication      : Starting ItemServiceApplication using Java 17.0.4.1 with PID 2972 (C:\Users\이현섭\git\2-1.Microservice\item-service\bin\main started by 이현섭 in C:\Users\이현섭\git\2-1.Microservice\item-service)
2023-02-11T18:15:13.911+09:00 DEBUG 2972 --- [restartedMain] org.msa.item.ItemServiceApplication      : Running with Spring Boot v3.0.2, Spring v6.0.4
2023-02-11T18:15:13.911+09:00  INFO 2972 --- [restartedMain] org.msa.item.ItemServiceApplication      : No active profile set, falling back to 1 default profile: "default"
2023-02-11T18:15:14.081+09:00  INFO 2972 --- [restartedMain] .s.d.r.c.RepositoryConfigurationDelegate : Bootstrapping Spring Data JPA repositories in DEFAULT mode.
2023-02-11T18:15:14.089+09:00  INFO 2972 --- [restartedMain] .s.d.r.c.RepositoryConfigurationDelegate : Finished Spring Data repository scanning in 6 ms. Found 1 JPA repository interfaces.
2023-02-11T18:15:14.168+09:00  INFO 2972 --- [restartedMain] o.s.b.w.embedded.tomcat.TomcatWebServer  : Tomcat initialized with port(s): 8080 (http)
2023-02-11T18:15:14.169+09:00  INFO 2972 --- [restartedMain] o.apache.catalina.core.StandardService   : Starting service [Tomcat]
2023-02-11T18:15:14.169+09:00  INFO 2972 --- [restartedMain] o.apache.catalina.core.StandardEngine    : Starting Servlet engine: [Apache Tomcat/10.1.5]
2023-02-11T18:15:14.193+09:00  INFO 2972 --- [restartedMain] o.a.c.c.C.[Tomcat].[localhost].[/]       : Initializing Spring embedded WebApplicationContext
2023-02-11T18:15:14.193+09:00  INFO 2972 --- [restartedMain] w.s.c.ServletWebServerApplicationContext : Root WebApplicationContext: initialization completed in 279 ms
2023-02-11T18:15:14.224+09:00  INFO 2972 --- [restartedMain] o.hibernate.jpa.internal.util.LogHelper  : HHH000204: Processing PersistenceUnitInfo [name: default]
2023-02-11T18:15:14.228+09:00  WARN 2972 --- [restartedMain] org.hibernate.orm.deprecation            : HHH90000021: Encountered deprecated setting [javax.persistence.sharedCache.mode], use [jakarta.persistence.sharedCache.mode] instead
2023-02-11T18:15:14.235+09:00  INFO 2972 --- [restartedMain] com.zaxxer.hikari.HikariDataSource       : HikariPool-2 - Starting...
2023-02-11T18:15:14.239+09:00  INFO 2972 --- [restartedMain] com.zaxxer.hikari.pool.HikariPool        : HikariPool-2 - Added connection org.mariadb.jdbc.Connection@1e85a845
2023-02-11T18:15:14.239+09:00  INFO 2972 --- [restartedMain] com.zaxxer.hikari.HikariDataSource       : HikariPool-2 - Start completed.
2023-02-11T18:15:14.240+09:00  INFO 2972 --- [restartedMain] SQL dialect                              : HHH000400: Using dialect: org.hibernate.dialect.MariaDB103Dialect
2023-02-11T18:15:14.240+09:00  WARN 2972 --- [restartedMain] org.hibernate.orm.deprecation            : HHH90000026: MariaDB103Dialect has been deprecated; use org.hibernate.dialect.MariaDBDialect instead
2023-02-11T18:15:14.570+09:00  INFO 2972 --- [restartedMain] o.h.e.t.j.p.i.JtaPlatformInitiator       : HHH000490: Using JtaPlatform implementation: [org.hibernate.engine.transaction.jta.platform.internal.NoJtaPlatform]
2023-02-11T18:15:14.570+09:00  INFO 2972 --- [restartedMain] j.LocalContainerEntityManagerFactoryBean : Initialized JPA EntityManagerFactory for persistence unit 'default'
2023-02-11T18:15:14.624+09:00  WARN 2972 --- [restartedMain] JpaBaseConfiguration$JpaWebConfiguration : spring.jpa.open-in-view is enabled by default. Therefore, database queries may be performed during view rendering. Explicitly configure spring.jpa.open-in-view to disable this warning
2023-02-11T18:15:14.692+09:00  INFO 2972 --- [restartedMain] o.s.b.d.a.OptionalLiveReloadServer       : LiveReload server is running on port 35729
2023-02-11T18:15:14.709+09:00  INFO 2972 --- [restartedMain] o.s.b.w.embedded.tomcat.TomcatWebServer  : Tomcat started on port(s): 8080 (http) with context path ''
2023-02-11T18:15:14.712+09:00  INFO 2972 --- [restartedMain] org.msa.item.ItemServiceApplication      : Started ItemServiceApplication in 0.837 seconds (process running for 40.067)
2023-02-11T18:15:14.713+09:00  INFO 2972 --- [restartedMain] .ConditionEvaluationDeltaLoggingListener : Condition evaluation unchanged
2023-02-11T18:15:20.091+09:00  INFO 2972 --- [http-nio-8080-exec-1] o.a.c.c.C.[Tomcat].[localhost].[/]       : Initializing Spring DispatcherServlet 'dispatcherServlet'
2023-02-11T18:15:20.092+09:00  INFO 2972 --- [http-nio-8080-exec-1] o.s.web.servlet.DispatcherServlet        : Initializing Servlet 'dispatcherServlet'
2023-02-11T18:15:20.093+09:00  INFO 2972 --- [http-nio-8080-exec-1] o.s.web.servlet.DispatcherServlet        : Completed initialization in 1 ms
2023-02-11T18:15:20.118+09:00  WARN 2972 --- [http-nio-8080-exec-1] .w.s.m.s.DefaultHandlerExceptionResolver : Resolved [org.springframework.web.bind.MethodArgumentNotValidException: Validation failed for argument [0] in public org.springframework.http.ResponseEntity<org.msa.item.dto.ResponseDTO> org.msa.item.controller.ItemController.add(org.msa.item.dto.ItemDTO) with 2 errors: [Field error in object 'itemDTO' on field 'id': rejected value [test1test1test1]; codes [Size.itemDTO.id,Size.id,Size.java.lang.String,Size]; arguments [org.springframework.context.support.DefaultMessageSourceResolvable: codes [itemDTO.id,id]; arguments []; default message [id],10,0]; default message [ID는 크기 10이하까지 작성가능합니다.]] [Field error in object 'itemDTO' on field 'count': rejected value [0]; codes [Positive.itemDTO.count,Positive.count,Positive.long,Positive]; arguments [org.springframework.context.support.DefaultMessageSourceResolvable: codes [itemDTO.count,count]; arguments []; default message [count]]; default message [0보다 커야 합니다]] ]
2023-02-11T18:15:27.210+09:00  WARN 2972 --- [http-nio-8080-exec-5] .w.s.m.s.DefaultHandlerExceptionResolver : Resolved [org.springframework.web.bind.MethodArgumentNotValidException: Validation failed for argument [0] in public org.springframework.http.ResponseEntity<org.msa.item.dto.ResponseDTO> org.msa.item.controller.ItemController.add(org.msa.item.dto.ItemDTO): [Field error in object 'itemDTO' on field 'count': rejected value [0]; codes [Positive.itemDTO.count,Positive.count,Positive.long,Positive]; arguments [org.springframework.context.support.DefaultMessageSourceResolvable: codes [itemDTO.count,count]; arguments []; default message [count]]; default message [0보다 커야 합니다]] ]
2023-02-11T18:15:30.693+09:00 DEBUG 2972 --- [http-nio-8080-exec-6] org.msa.item.controller.ItemController   : request add item id = test1test1
2023-02-11T18:18:11.003+09:00  INFO 2972 --- [File Watcher] rtingClassPathChangeChangedEventListener : Restarting due to 1 class path change (1 addition, 0 deletions, 0 modifications)
2023-02-11T18:18:11.025+09:00  INFO 2972 --- [Thread-7] o.apache.catalina.core.StandardService   : Stopping service [Tomcat]
2023-02-11T18:18:11.026+09:00  INFO 2972 --- [Thread-7] o.a.c.c.C.[Tomcat].[localhost].[/]       : Destroying Spring FrameworkServlet 'dispatcherServlet'
2023-02-11T18:18:11.029+09:00  INFO 2972 --- [Thread-7] j.LocalContainerEntityManagerFactoryBean : Closing JPA EntityManagerFactory for persistence unit 'default'
2023-02-11T18:18:11.030+09:00  INFO 2972 --- [Thread-7] com.zaxxer.hikari.HikariDataSource       : HikariPool-2 - Shutdown initiated...
2023-02-11T18:18:11.032+09:00  INFO 2972 --- [Thread-7] com.zaxxer.hikari.HikariDataSource       : HikariPool-2 - Shutdown completed.
2023-02-11T18:18:11.095+09:00  INFO 2972 --- [restartedMain] org.msa.item.ItemServiceApplication      : Starting ItemServiceApplication using Java 17.0.4.1 with PID 2972 (C:\Users\이현섭\git\2-1.Microservice\item-service\bin\main started by 이현섭 in C:\Users\이현섭\git\2-1.Microservice\item-service)
2023-02-11T18:18:11.096+09:00 DEBUG 2972 --- [restartedMain] org.msa.item.ItemServiceApplication      : Running with Spring Boot v3.0.2, Spring v6.0.4
2023-02-11T18:18:11.096+09:00  INFO 2972 --- [restartedMain] org.msa.item.ItemServiceApplication      : No active profile set, falling back to 1 default profile: "default"
2023-02-11T18:18:11.260+09:00  INFO 2972 --- [restartedMain] .s.d.r.c.RepositoryConfigurationDelegate : Bootstrapping Spring Data JPA repositories in DEFAULT mode.
2023-02-11T18:18:11.268+09:00  INFO 2972 --- [restartedMain] .s.d.r.c.RepositoryConfigurationDelegate : Finished Spring Data repository scanning in 7 ms. Found 1 JPA repository interfaces.
2023-02-11T18:18:11.335+09:00  INFO 2972 --- [restartedMain] o.s.b.w.embedded.tomcat.TomcatWebServer  : Tomcat initialized with port(s): 8080 (http)
2023-02-11T18:18:11.335+09:00  INFO 2972 --- [restartedMain] o.apache.catalina.core.StandardService   : Starting service [Tomcat]
2023-02-11T18:18:11.335+09:00  INFO 2972 --- [restartedMain] o.apache.catalina.core.StandardEngine    : Starting Servlet engine: [Apache Tomcat/10.1.5]
2023-02-11T18:18:11.360+09:00  INFO 2972 --- [restartedMain] o.a.c.c.C.[Tomcat].[localhost].[/]       : Initializing Spring embedded WebApplicationContext
2023-02-11T18:18:11.360+09:00  INFO 2972 --- [restartedMain] w.s.c.ServletWebServerApplicationContext : Root WebApplicationContext: initialization completed in 262 ms
2023-02-11T18:18:11.390+09:00  INFO 2972 --- [restartedMain] o.hibernate.jpa.internal.util.LogHelper  : HHH000204: Processing PersistenceUnitInfo [name: default]
2023-02-11T18:18:11.394+09:00  WARN 2972 --- [restartedMain] org.hibernate.orm.deprecation            : HHH90000021: Encountered deprecated setting [javax.persistence.sharedCache.mode], use [jakarta.persistence.sharedCache.mode] instead
2023-02-11T18:18:11.398+09:00  INFO 2972 --- [restartedMain] com.zaxxer.hikari.HikariDataSource       : HikariPool-3 - Starting...
2023-02-11T18:18:11.401+09:00  INFO 2972 --- [restartedMain] com.zaxxer.hikari.pool.HikariPool        : HikariPool-3 - Added connection org.mariadb.jdbc.Connection@3bf504b0
2023-02-11T18:18:11.401+09:00  INFO 2972 --- [restartedMain] com.zaxxer.hikari.HikariDataSource       : HikariPool-3 - Start completed.
2023-02-11T18:18:11.402+09:00  INFO 2972 --- [restartedMain] SQL dialect                              : HHH000400: Using dialect: org.hibernate.dialect.MariaDB103Dialect
2023-02-11T18:18:11.402+09:00  WARN 2972 --- [restartedMain] org.hibernate.orm.deprecation            : HHH90000026: MariaDB103Dialect has been deprecated; use org.hibernate.dialect.MariaDBDialect instead
2023-02-11T18:18:11.659+09:00  INFO 2972 --- [restartedMain] o.h.e.t.j.p.i.JtaPlatformInitiator       : HHH000490: Using JtaPlatform implementation: [org.hibernate.engine.transaction.jta.platform.internal.NoJtaPlatform]
2023-02-11T18:18:11.660+09:00  INFO 2972 --- [restartedMain] j.LocalContainerEntityManagerFactoryBean : Initialized JPA EntityManagerFactory for persistence unit 'default'
2023-02-11T18:18:11.712+09:00  WARN 2972 --- [restartedMain] JpaBaseConfiguration$JpaWebConfiguration : spring.jpa.open-in-view is enabled by default. Therefore, database queries may be performed during view rendering. Explicitly configure spring.jpa.open-in-view to disable this warning
2023-02-11T18:18:11.778+09:00  INFO 2972 --- [restartedMain] o.s.b.d.a.OptionalLiveReloadServer       : LiveReload server is running on port 35729
2023-02-11T18:18:11.787+09:00  INFO 2972 --- [restartedMain] o.s.b.w.embedded.tomcat.TomcatWebServer  : Tomcat started on port(s): 8080 (http) with context path ''
2023-02-11T18:18:11.790+09:00  INFO 2972 --- [restartedMain] org.msa.item.ItemServiceApplication      : Started ItemServiceApplication in 0.723 seconds (process running for 217.146)
2023-02-11T18:18:11.791+09:00  INFO 2972 --- [restartedMain] .ConditionEvaluationDeltaLoggingListener : Condition evaluation unchanged
2023-02-11T18:18:13.518+09:00  INFO 2972 --- [RMI TCP Connection(8)-127.0.0.1] inMXBeanRegistrar$SpringApplicationAdmin : Application shutdown requested.
2023-02-11T18:18:13.530+09:00  INFO 2972 --- [RMI TCP Connection(8)-127.0.0.1] o.apache.catalina.core.StandardService   : Stopping service [Tomcat]
2023-02-11T18:18:13.534+09:00  INFO 2972 --- [RMI TCP Connection(8)-127.0.0.1] j.LocalContainerEntityManagerFactoryBean : Closing JPA EntityManagerFactory for persistence unit 'default'
2023-02-11T18:18:13.534+09:00  INFO 2972 --- [RMI TCP Connection(8)-127.0.0.1] com.zaxxer.hikari.HikariDataSource       : HikariPool-3 - Shutdown initiated...
2023-02-11T18:18:13.537+09:00  INFO 2972 --- [RMI TCP Connection(8)-127.0.0.1] com.zaxxer.hikari.HikariDataSource       : HikariPool-3 - Shutdown completed.
